2026-03-02T07:37:26.004747388Z 2026/03/02 07:37:26 [INIT] [Listening on :7070]
2026-03-02T07:37:31.135679724Z 19
2026-03-02T07:37:31.437267149Z Waiting X server...
2026-03-02T07:37:31.590209308Z Waiting X server...
2026-03-02T07:37:31.694499299Z Waiting X server...
2026-03-02T07:37:31.799087866Z Waiting X server...
2026-03-02T07:37:31.902997783Z Waiting X server...
2026-03-02T07:37:34.507770041Z Waiting X server...
2026-03-02T07:37:34.614927229Z Waiting X server...
2026-03-02T07:37:34.724510269Z Waiting X server...
2026-03-02T07:37:34.831486781Z Waiting X server...
2026-03-02T07:37:34.937321399Z Waiting X server...
2026-03-02T07:37:35.042419262Z Waiting X server...
2026-03-02T07:37:35.137280145Z Logging to: /dev/null
2026-03-02T07:37:35.147640424Z Waiting X server...
2026-03-02T07:37:35.253024320Z Waiting X server...
2026-03-02T07:37:35.358213264Z Waiting X server...
2026-03-02T07:37:35.463163677Z Waiting X server...
2026-03-02T07:37:35.568800469Z Waiting X server...
2026-03-02T07:37:35.673911982Z Waiting X server...
2026-03-02T07:37:35.779162424Z Waiting X server...
2026-03-02T07:37:35.884394197Z Waiting X server...
2026-03-02T07:37:36.771510709Z Waiting X server...
2026-03-02T07:37:36.883737364Z Waiting X server...
2026-03-02T07:37:37.030923917Z Waiting X server...
2026-03-02T07:37:37.197847392Z Waiting X server...
2026-03-02T07:37:37.306611201Z Waiting X server...
2026-03-02T07:37:38.433390641Z 
2026-03-02T07:37:38.433426728Z  --- x11vnc loop: 1 ---
2026-03-02T07:37:38.433431305Z 
2026-03-02T07:37:38.433708273Z Starting ChromeDriver 128.0.6613.18 (7d504c2c60ba3bbdebff568167eb7788205613a9-refs/branch-heads/6613@{#364}) on port 4444
2026-03-02T07:37:38.433719183Z All remote connections are allowed. Use an allowlist instead!
2026-03-02T07:37:38.433722964Z Please see https://chromedriver.chromium.org/security-considerations for suggestions on keeping ChromeDriver safe.
2026-03-02T07:37:38.781382378Z ChromeDriver was started successfully on port 4444.
2026-03-02T07:37:38.935425866Z  --- x11vnc loop: waiting for: 129
2026-03-02T07:37:38.935458079Z 
2026-03-02T07:37:39.095037985Z PORT=5900
